# JRE version: OpenJDK Runtime Environment Microsoft-12574423 (17.0.17+10) (build 17.0.17+10-LTS)
# Java VM: OpenJDK 64-Bit Server VM Microsoft-12574423 (17.0.17+10-LTS, mixed mode, sharing, tiered, compressed oops, compressed class ptrs, g1 gc, windows-amd64)
GC Precious Log:
 CPUs: 4 total, 4 available
 Memory: 4028M
 Large Page Support: Disabled
 NUMA Support: Disabled
 Compressed Oops: Enabled (32-bit)
 Heap Region Size: 1M
 Heap Min Capacity: 8M
 Heap Initial Capacity: 64M
 Heap Max Capacity: 1008M
 Pre-touch: Disabled
 Parallel Workers: 4
 Concurrent Workers: 1
 Concurrent Refinement Workers: 4
 Periodic GC: Disabled
Heap:
 garbage-first heap   total 55296K, used 31615K [0x00000000c1000000, 0x0000000100000000)
  region size 1024K, 18 young (18432K), 4 survivors (4096K)
 Metaspace       used 28696K, committed 29056K, reserved 1114112K
  class space    used 3708K, committed 3904K, reserved 1048576K
GC Heap History (14 events):
Event: 4.138 GC heap before
{Heap before GC invocations=0 (full 0):
 garbage-first heap   total 65536K, used 13312K [0x00000000c1000000, 0x0000000100000000)
  region size 1024K, 13 young (13312K), 0 survivors (0K)
 Metaspace       used 3247K, committed 3392K, reserved 1114112K
  class space    used 325K, committed 384K, reserved 1048576K
}
Event: 4.147 GC heap after
{Heap after GC invocations=1 (full 0):
 garbage-first heap   total 65536K, used 6548K [0x00000000c1000000, 0x0000000100000000)
  region size 1024K, 2 young (2048K), 2 survivors (2048K)
 Metaspace       used 3247K, committed 3392K, reserved 1114112K
  class space    used 325K, committed 384K, reserved 1048576K
}
Event: 5.030 GC heap before
{Heap before GC invocations=1 (full 0):
 garbage-first heap   total 65536K, used 18836K [0x00000000c1000000, 0x0000000100000000)
  region size 1024K, 14 young (14336K), 2 survivors (2048K)
 Metaspace       used 6277K, committed 6464K, reserved 1114112K
  class space    used 730K, committed 832K, reserved 1048576K
}
Event: 5.036 GC heap after
{Heap after GC invocations=2 (full 0):
 garbage-first heap   total 65536K, used 7481K [0x00000000c1000000, 0x0000000100000000)
  region size 1024K, 1 young (1024K), 1 survivors (1024K)
 Metaspace       used 6277K, committed 6464K, reserved 1114112K
  class space    used 730K, committed 832K, reserved 1048576K
}
Event: 6.822 GC heap before
{Heap before GC invocations=2 (full 0):
 garbage-first heap   total 65536K, used 27961K [0x00000000c1000000, 0x0000000100000000)
  region size 1024K, 22 young (22528K), 1 survivors (1024K)
 Metaspace       used 11162K, committed 11456K, reserved 1114112K
  class space    used 1419K, committed 1536K, reserved 1048576K
}
Event: 6.829 GC heap after
{Heap after GC invocations=3 (full 0):
 garbage-first heap   total 65536K, used 8931K [0x00000000c1000000, 0x0000000100000000)
  region size 1024K, 3 young (3072K), 3 survivors (3072K)
 Metaspace       used 11162K, committed 11456K, reserved 1114112K
  class space    used 1419K, committed 1536K, reserved 1048576K
}
Event: 12.082 GC heap before
{Heap before GC invocations=3 (full 0):
 garbage-first heap   total 65536K, used 40675K [0x00000000c1000000, 0x0000000100000000)
  region size 1024K, 34 young (34816K), 3 survivors (3072K)
 Metaspace       used 18164K, committed 18368K, reserved 1114112K
  class space    used 2327K, committed 2432K, reserved 1048576K
}
Event: 12.091 GC heap after
{Heap after GC invocations=4 (full 0):
 garbage-first heap   total 65536K, used 11179K [0x00000000c1000000, 0x0000000100000000)
  region size 1024K, 5 young (5120K), 5 survivors (5120K)
 Metaspace       used 18164K, committed 18368K, reserved 1114112K
  class space    used 2327K, committed 2432K, reserved 1048576K
}
Event: 17.265 GC heap before
{Heap before GC invocations=4 (full 0):
 garbage-first heap   total 65536K, used 38827K [0x00000000c1000000, 0x0000000100000000)
  region size 1024K, 33 young (33792K), 5 survivors (5120K)
 Metaspace       used 21228K, committed 21504K, reserved 1114112K
  class space    used 2681K, committed 2816K, reserved 1048576K
}
Event: 17.280 GC heap after
{Heap after GC invocations=5 (full 0):
 garbage-first heap   total 65536K, used 14718K [0x00000000c1000000, 0x0000000100000000)
  region size 1024K, 5 young (5120K), 5 survivors (5120K)
 Metaspace       used 21228K, committed 21504K, reserved 1114112K
  class space    used 2681K, committed 2816K, reserved 1048576K
}
Event: 21.079 GC heap before
{Heap before GC invocations=6 (full 0):
 garbage-first heap   total 55296K, used 41342K [0x00000000c1000000, 0x0000000100000000)
  region size 1024K, 32 young (32768K), 5 survivors (5120K)
 Metaspace       used 24027K, committed 24320K, reserved 1114112K
  class space    used 3066K, committed 3200K, reserved 1048576K
}
Event: 21.096 GC heap after
{Heap after GC invocations=7 (full 0):
 garbage-first heap   total 55296K, used 16996K [0x00000000c1000000, 0x0000000100000000)
  region size 1024K, 3 young (3072K), 3 survivors (3072K)
 Metaspace       used 24027K, committed 24320K, reserved 1114112K
  class space    used 3066K, committed 3200K, reserved 1048576K
}
Event: 25.360 GC heap before
{Heap before GC invocations=7 (full 0):
 garbage-first heap   total 55296K, used 39524K [0x00000000c1000000, 0x0000000100000000)
  region size 1024K, 25 young (25600K), 3 survivors (3072K)
 Metaspace       used 26732K, committed 27072K, reserved 1114112K
  class space    used 3410K, committed 3584K, reserved 1048576K
}
Event: 25.367 GC heap after
{Heap after GC invocations=8 (full 0):
 garbage-first heap   total 55296K, used 18303K [0x00000000c1000000, 0x0000000100000000)
  region size 1024K, 4 young (4096K), 4 survivors (4096K)
 Metaspace       used 26732K, committed 27072K, reserved 1114112K
  class space    used 3410K, committed 3584K, reserved 1048576K
}

